
> presence@0.0.0 nodemon /home/dkingsbury/dev/node/presence
> nodemon server.js -e js,html,hbs,json

[33m[nodemon] 1.18.4[39m
[33m[nodemon] to restart at any time, enter `rs`[39m
[33m[nodemon] watching: *.*[39m
[32m[nodemon] starting `node server.js`[39m
events.js:167
      throw er; // Unhandled 'error' event
      ^

Error: EBADF: bad file descriptor, read
Emitted 'error' event at:
    at lazyFs.read (internal/fs/streams.js:165:12)
    at FSReqWrap.wrapper [as oncomplete] (fs.js:460:17)
npm ERR! code ELIFECYCLE
npm ERR! errno 1
npm ERR! presence@0.0.0 nodemon: `nodemon server.js -e js,html,hbs,json`
npm ERR! Exit status 1
npm ERR! 
npm ERR! Failed at the presence@0.0.0 nodemon script.
npm ERR! This is probably not a problem with npm. There is likely additional logging output above.

npm ERR! A complete log of this run can be found in:
npm ERR!     /home/dkingsbury/.npm/_logs/2018-10-19T18_52_34_094Z-debug.log
